<?xml version="1.0" encoding="UTF-8"?>
<testsuite xmlns:xsi="http://www.w3.org/2001/XMLSchema-instance" xsi:noNamespaceSchemaLocation="https://maven.apache.org/surefire/maven-surefire-plugin/xsd/surefire-test-report.xsd" name="com.credibanco.mstest.services.impl.test.CardServicesImplTest" time="0.205" tests="5" errors="0" skipped="0" failures="0">
  <properties>
[...]
</properties>
  <testcase name="blockCardTest" classname="com.credibanco.mstest.services.impl.test.CardServicesImplTest" time="0.201"/>
  <testcase name="updateBalance" classname="com.credibanco.mstest.services.impl.test.CardServicesImplTest" time="0"/>
  <testcase name="cardActivationTest" classname="com.credibanco.mstest.services.impl.test.CardServicesImplTest" time="0"/>
  <testcase name="getCardByIdTest" classname="com.credibanco.mstest.services.impl.test.CardServicesImplTest" time="0.001"/>
  <testcase name="generateCardNumberTest" classname="com.credibanco.mstest.services.impl.test.CardServicesImplTest" time="0"/>
</testsuite>