<?xml version="1.0" encoding="UTF-8"?>
<testsuite xmlns:xsi="http://www.w3.org/2001/XMLSchema-instance" xsi:noNamespaceSchemaLocation="https://maven.apache.org/surefire/maven-surefire-plugin/xsd/surefire-test-report.xsd" name="com.credibanco.mstest.services.impl.test.TransactionServicesImplTest" time="0.153" tests="3" errors="0" skipped="0" failures="0">
  <properties>
[...]
</properties>
  <testcase name="testGetById" classname="com.credibanco.mstest.services.impl.test.TransactionServicesImplTest" time="0.152"/>
  <testcase name="testCreateTransaction" classname="com.credibanco.mstest.services.impl.test.TransactionServicesImplTest" time="0"/>
  <testcase name="testCancelTransaction" classname="com.credibanco.mstest.services.impl.test.TransactionServicesImplTest" time="0"/>
</testsuite>